yoplayersdk/build/intermediates/manifest_merge_blame_file/debug/processDebugManifest/manifest-merger-blame-debug-report.txt
1<?xml version="1.0" encoding="utf-8"?>
2<manifest xmlns:android="http://schemas.android.com/apk/res/android"
3    package="com.yohan.yoplayersdk" >
4
5    <uses-sdk android:minSdkVersion="24" />
6
7    <uses-permission android:name="android.permission.INTERNET" />
7-->src/main/AndroidManifest.xml:3:5-67
7-->src/main/AndroidManifest.xml:3:22-64
8    <uses-permission
8-->src/main/AndroidManifest.xml:4:5-5:38
9        android:name="android.permission.WRITE_EXTERNAL_STORAGE"
9-->src/main/AndroidManifest.xml:4:22-78
10        android:maxSdkVersion="28" />
10-->src/main/AndroidManifest.xml:5:9-35
11
12</manifest>